This is pdfTeX, Version 3.14159265-2.6-1.40.19 (MiKTeX 2.9.6930 64-bit) (preloaded format=pdflatex 2019.1.20)  18 MAR 2019 23:46
entering extended mode
**./solucion.tex
(solucion.tex
LaTeX2e <2018-12-01>
("C:\Users\naxo_\AppData\Local\Programs\MiKTeX 2.9\tex/latex/base\article.cls"
Document Class: article 2018/09/03 v1.4i Standard LaTeX document class
("C:\Users\naxo_\AppData\Local\Programs\MiKTeX 2.9\tex/latex/base\size12.clo"
File: size12.clo 2018/09/03 v1.4i Standard LaTeX file (size option)
)
\c@part=\count80
\c@section=\count81
\c@subsection=\count82
\c@subsubsection=\count83
\c@paragraph=\count84
\c@subparagraph=\count85
\c@figure=\count86
\c@table=\count87
\abovecaptionskip=\skip41
\belowcaptionskip=\skip42
\bibindent=\dimen102
)
("C:\Users\naxo_\AppData\Local\Programs\MiKTeX 2.9\tex/latex/preprint\fullpage.
sty"
Package: fullpage 1999/02/23 1.1 (PWD)
\FP@margin=\skip43
)
("C:\Users\naxo_\AppData\Local\Programs\MiKTeX 2.9\tex/latex/graphics\graphicx.
sty"
Package: graphicx 2017/06/01 v1.1a Enhanced LaTeX Graphics (DPC,SPQR)

("C:\Users\naxo_\AppData\Local\Programs\MiKTeX 2.9\tex/latex/graphics\keyval.st
y"
Package: keyval 2014/10/28 v1.15 key=value parser (DPC)
\KV@toks@=\toks14
)
("C:\Users\naxo_\AppData\Local\Programs\MiKTeX 2.9\tex/latex/graphics\graphics.
sty"
Package: graphics 2017/06/25 v1.2c Standard LaTeX Graphics (DPC,SPQR)

("C:\Users\naxo_\AppData\Local\Programs\MiKTeX 2.9\tex/latex/graphics\trig.sty"
Package: trig 2016/01/03 v1.10 sin cos tan (DPC)
)
("C:\Users\naxo_\AppData\Local\Programs\MiKTeX 2.9\tex/latex/graphics-cfg\graph
ics.cfg"
File: graphics.cfg 2016/06/04 v1.11 sample graphics configuration
)
Package graphics Info: Driver file: pdftex.def on input line 99.

("C:\Users\naxo_\AppData\Local\Programs\MiKTeX 2.9\tex/latex/graphics-def\pdfte
x.def"
File: pdftex.def 2018/01/08 v1.0l Graphics/color driver for pdftex
))
\Gin@req@height=\dimen103
\Gin@req@width=\dimen104
)
("C:\Users\naxo_\AppData\Local\Programs\MiKTeX 2.9\tex/latex/amsfonts\amssymb.s
ty"
Package: amssymb 2013/01/14 v3.01 AMS font symbols

("C:\Users\naxo_\AppData\Local\Programs\MiKTeX 2.9\tex/latex/amsfonts\amsfonts.
sty"
Package: amsfonts 2013/01/14 v3.01 Basic AMSFonts support
\@emptytoks=\toks15
\symAMSa=\mathgroup4
\symAMSb=\mathgroup5
LaTeX Font Info:    Overwriting math alphabet `\mathfrak' in version `bold'
(Font)                  U/euf/m/n --> U/euf/b/n on input line 106.
))
("C:\Users\naxo_\AppData\Local\Programs\MiKTeX 2.9\tex/latex/amsmath\amsmath.st
y"
Package: amsmath 2018/12/01 v2.17b AMS math features
\@mathmargin=\skip44

For additional information on amsmath, use the `?' option.

("C:\Users\naxo_\AppData\Local\Programs\MiKTeX 2.9\tex/latex/amsmath\amstext.st
y"
Package: amstext 2000/06/29 v2.01 AMS text

("C:\Users\naxo_\AppData\Local\Programs\MiKTeX 2.9\tex/latex/amsmath\amsgen.sty
"
File: amsgen.sty 1999/11/30 v2.0 generic functions
\@emptytoks=\toks16
\ex@=\dimen105
))
("C:\Users\naxo_\AppData\Local\Programs\MiKTeX 2.9\tex/latex/amsmath\amsbsy.sty
"
Package: amsbsy 1999/11/29 v1.2d Bold Symbols
\pmbraise@=\dimen106
)
("C:\Users\naxo_\AppData\Local\Programs\MiKTeX 2.9\tex/latex/amsmath\amsopn.sty
"
Package: amsopn 2016/03/08 v2.02 operator names
)
\inf@bad=\count88
LaTeX Info: Redefining \frac on input line 223.
\uproot@=\count89
\leftroot@=\count90
LaTeX Info: Redefining \overline on input line 385.
\classnum@=\count91
\DOTSCASE@=\count92
LaTeX Info: Redefining \ldots on input line 482.
LaTeX Info: Redefining \dots on input line 485.
LaTeX Info: Redefining \cdots on input line 606.
\Mathstrutbox@=\box27
\strutbox@=\box28
\big@size=\dimen107
LaTeX Font Info:    Redeclaring font encoding OML on input line 729.
LaTeX Font Info:    Redeclaring font encoding OMS on input line 730.
\macc@depth=\count93
\c@MaxMatrixCols=\count94
\dotsspace@=\muskip10
\c@parentequation=\count95
\dspbrk@lvl=\count96
\tag@help=\toks17
\row@=\count97
\column@=\count98
\maxfields@=\count99
\andhelp@=\toks18
\eqnshift@=\dimen108
\alignsep@=\dimen109
\tagshift@=\dimen110
\tagwidth@=\dimen111
\totwidth@=\dimen112
\lineht@=\dimen113
\@envbody=\toks19
\multlinegap=\skip45
\multlinetaggap=\skip46
\mathdisplay@stack=\toks20
LaTeX Info: Redefining \[ on input line 2844.
LaTeX Info: Redefining \] on input line 2845.
)
("C:\Users\naxo_\AppData\Local\Programs\MiKTeX 2.9\tex/latex/hyphenat\hyphenat.
sty"
Package: hyphenat 2009/09/02 v2.3c hyphenation utilities
\langwohyphens=\language76
LaTeX Info: Redefining \_ on input line 43.
)
("C:\Users\naxo_\AppData\Local\Programs\MiKTeX 2.9\tex/latex/parskip\parskip.st
y"
Package: parskip 2019-01-16 v2.0c non-zero parskip adjustments

("C:\Users\naxo_\AppData\Local\Programs\MiKTeX 2.9\tex/latex/oberdiek\kvoptions
.sty"
Package: kvoptions 2016/05/16 v3.12 Key value format for package options (HO)

("C:\Users\naxo_\AppData\Local\Programs\MiKTeX 2.9\tex/generic/oberdiek\ltxcmds
.sty"
Package: ltxcmds 2016/05/16 v1.23 LaTeX kernel commands for general use (HO)
)
("C:\Users\naxo_\AppData\Local\Programs\MiKTeX 2.9\tex/generic/oberdiek\kvsetke
ys.sty"
Package: kvsetkeys 2016/05/16 v1.17 Key value parser (HO)

("C:\Users\naxo_\AppData\Local\Programs\MiKTeX 2.9\tex/generic/oberdiek\infware
rr.sty"
Package: infwarerr 2016/05/16 v1.4 Providing info/warning/error messages (HO)
)
("C:\Users\naxo_\AppData\Local\Programs\MiKTeX 2.9\tex/generic/oberdiek\etexcmd
s.sty"
Package: etexcmds 2016/05/16 v1.6 Avoid name clashes with e-TeX commands (HO)

("C:\Users\naxo_\AppData\Local\Programs\MiKTeX 2.9\tex/generic/oberdiek\ifluate
x.sty"
Package: ifluatex 2016/05/16 v1.4 Provides the ifluatex switch (HO)
Package ifluatex Info: LuaTeX not detected.
))))
("C:\Users\naxo_\AppData\Local\Programs\MiKTeX 2.9\tex/latex/etoolbox\etoolbox.
sty"
Package: etoolbox 2018/08/19 v2.5f e-TeX tools for LaTeX (JAW)
\etb@tempcnta=\count100
))
("C:\Users\naxo_\AppData\Local\Programs\MiKTeX 2.9\tex/generic/babel\babel.sty"
Package: babel 2018/11/13 3.27 The Babel package
("C:\Users\naxo_\AppData\Local\Programs\MiKTeX 2.9\tex/generic/babel\switch.def
"
File: switch.def 2018/11/13 3.27 Babel switching mechanism
)
*************************************
* Local config file bblopts.cfg used
*
("C:\Users\naxo_\AppData\Local\Programs\MiKTeX 2.9\tex/latex/arabi\bblopts.cfg"
File: bblopts.cfg 2005/09/08 v0.1 add Arabic and Farsi to "declared" options of
 babel
)
("C:\Users\naxo_\AppData\Local\Programs\MiKTeX 2.9\tex/latex/babel-spanish\span
ish.ldf"
Language: spanish.ldf 2016/03/03 v5.0p Spanish support from the babel system

("C:\Users\naxo_\AppData\Local\Programs\MiKTeX 2.9\tex/generic/babel\babel.def"
File: babel.def 2018/11/13 3.27 Babel common definitions
\babel@savecnt=\count101
\U@D=\dimen114

("C:\Users\naxo_\AppData\Local\Programs\MiKTeX 2.9\tex/generic/babel\txtbabel.d
ef")
\bbl@dirlevel=\count102
)
\es@quottoks=\toks21
\es@quotdepth=\count103
Package babel Info: Making " an active character on input line 561.
Package babel Info: Making . an active character on input line 662.
Package babel Info: Making < an active character on input line 707.
Package babel Info: Making > an active character on input line 707.
))
("C:\Users\naxo_\AppData\Local\Programs\MiKTeX 2.9\tex/latex/base\inputenc.sty"
Package: inputenc 2018/08/11 v1.3c Input encoding file
\inpenc@prehook=\toks22
\inpenc@posthook=\toks23
)
("C:\Users\naxo_\AppData\Local\Programs\MiKTeX 2.9\tex/latex/hyperref\hyperref.
sty"
Package: hyperref 2018/11/30 v6.88e Hypertext links for LaTeX

("C:\Users\naxo_\AppData\Local\Programs\MiKTeX 2.9\tex/generic/oberdiek\hobsub-
hyperref.sty"
Package: hobsub-hyperref 2016/05/16 v1.14 Bundle oberdiek, subset hyperref (HO)


("C:\Users\naxo_\AppData\Local\Programs\MiKTeX 2.9\tex/generic/oberdiek\hobsub-
generic.sty"
Package: hobsub-generic 2016/05/16 v1.14 Bundle oberdiek, subset generic (HO)
Package: hobsub 2016/05/16 v1.14 Construct package bundles (HO)
Package hobsub Info: Skipping package `infwarerr' (already loaded).
Package hobsub Info: Skipping package `ltxcmds' (already loaded).
Package hobsub Info: Skipping package `ifluatex' (already loaded).
Package: ifvtex 2016/05/16 v1.6 Detect VTeX and its facilities (HO)
Package ifvtex Info: VTeX not detected.
Package: intcalc 2016/05/16 v1.2 Expandable calculations with integers (HO)
Package: ifpdf 2018/09/07 v3.3 Provides the ifpdf switch
Package hobsub Info: Skipping package `etexcmds' (already loaded).
Package hobsub Info: Skipping package `kvsetkeys' (already loaded).
Package: kvdefinekeys 2016/05/16 v1.4 Define keys (HO)
Package: pdftexcmds 2018/09/10 v0.29 Utility functions of pdfTeX for LuaTeX (HO
)
Package pdftexcmds Info: LuaTeX not detected.
Package pdftexcmds Info: \pdf@primitive is available.
Package pdftexcmds Info: \pdf@ifprimitive is available.
Package pdftexcmds Info: \pdfdraftmode found.
Package: pdfescape 2016/05/16 v1.14 Implements pdfTeX's escape features (HO)
Package: bigintcalc 2016/05/16 v1.4 Expandable calculations on big integers (HO
)
Package: bitset 2016/05/16 v1.2 Handle bit-vector datatype (HO)
Package: uniquecounter 2016/05/16 v1.3 Provide unlimited unique counter (HO)
)
Package hobsub Info: Skipping package `hobsub' (already loaded).
Package: letltxmacro 2016/05/16 v1.5 Let assignment for LaTeX macros (HO)
Package: hopatch 2016/05/16 v1.3 Wrapper for package hooks (HO)
Package: xcolor-patch 2016/05/16 xcolor patch
Package: atveryend 2016/05/16 v1.9 Hooks at the very end of document (HO)
Package: atbegshi 2016/06/09 v1.18 At begin shipout hook (HO)
Package: refcount 2016/05/16 v3.5 Data extraction from label references (HO)
Package: hycolor 2016/05/16 v1.8 Color options for hyperref/bookmark (HO)
)
("C:\Users\naxo_\AppData\Local\Programs\MiKTeX 2.9\tex/generic/ifxetex\ifxetex.
sty"
Package: ifxetex 2010/09/12 v0.6 Provides ifxetex conditional
)
("C:\Users\naxo_\AppData\Local\Programs\MiKTeX 2.9\tex/latex/oberdiek\auxhook.s
ty"
Package: auxhook 2016/05/16 v1.4 Hooks for auxiliary files (HO)
)
\@linkdim=\dimen115
\Hy@linkcounter=\count104
\Hy@pagecounter=\count105

("C:\Users\naxo_\AppData\Local\Programs\MiKTeX 2.9\tex/latex/hyperref\pd1enc.de
f"
File: pd1enc.def 2018/11/30 v6.88e Hyperref: PDFDocEncoding definition (HO)
Now handling font encoding PD1 ...
... no UTF-8 mapping file for font encoding PD1
)
\Hy@SavedSpaceFactor=\count106

("C:\Users\naxo_\AppData\Local\Programs\MiKTeX 2.9\tex/latex/00miktex\hyperref.
cfg"
File: hyperref.cfg 2002/06/06 v1.2 hyperref configuration of TeXLive
)
Package hyperref Info: Hyper figures OFF on input line 4519.
Package hyperref Info: Link nesting OFF on input line 4524.
Package hyperref Info: Hyper index ON on input line 4527.
Package hyperref Info: Plain pages OFF on input line 4534.
Package hyperref Info: Backreferencing OFF on input line 4539.
Package hyperref Info: Implicit mode ON; LaTeX internals redefined.
Package hyperref Info: Bookmarks ON on input line 4772.
\c@Hy@tempcnt=\count107
 ("C:\Users\naxo_\AppData\Local\Programs\MiKTeX 2.9\tex/latex/url\url.sty"
\Urlmuskip=\muskip11
Package: url 2013/09/16  ver 3.4  Verb mode for urls, etc.
)
LaTeX Info: Redefining \url on input line 5125.
\XeTeXLinkMargin=\dimen116
\Fld@menulength=\count108
\Field@Width=\dimen117
\Fld@charsize=\dimen118
Package hyperref Info: Hyper figures OFF on input line 6380.
Package hyperref Info: Link nesting OFF on input line 6385.
Package hyperref Info: Hyper index ON on input line 6388.
Package hyperref Info: backreferencing OFF on input line 6395.
Package hyperref Info: Link coloring OFF on input line 6400.
Package hyperref Info: Link coloring with OCG OFF on input line 6405.
Package hyperref Info: PDF/A mode OFF on input line 6410.
LaTeX Info: Redefining \ref on input line 6450.
LaTeX Info: Redefining \pageref on input line 6454.
\Hy@abspage=\count109
\c@Item=\count110
\c@Hfootnote=\count111
)
Package hyperref Info: Driver (autodetected): hpdftex.

("C:\Users\naxo_\AppData\Local\Programs\MiKTeX 2.9\tex/latex/hyperref\hpdftex.d
ef"
File: hpdftex.def 2018/11/30 v6.88e Hyperref driver for pdfTeX
\Fld@listcount=\count112
\c@bookmark@seq@number=\count113

("C:\Users\naxo_\AppData\Local\Programs\MiKTeX 2.9\tex/latex/oberdiek\rerunfile
check.sty"
Package: rerunfilecheck 2016/05/16 v1.8 Rerun checks for auxiliary files (HO)
Package uniquecounter Info: New unique counter `rerunfilecheck' on input line 2
82.
)
\Hy@SectionHShift=\skip47
)
("C:\Users\naxo_\AppData\Local\Programs\MiKTeX 2.9\tex/latex/fancyhdr\fancyhdr.
sty"
Package: fancyhdr 2019/01/31 v3.10 Extensive control of page headers and footer
s
\f@nch@headwidth=\skip48
\f@nch@O@elh=\skip49
\f@nch@O@erh=\skip50
\f@nch@O@olh=\skip51
\f@nch@O@orh=\skip52
\f@nch@O@elf=\skip53
\f@nch@O@erf=\skip54
\f@nch@O@olf=\skip55
\f@nch@O@orf=\skip56
)
("C:\Users\naxo_\AppData\Local\Programs\MiKTeX 2.9\tex/latex/tasks\tasks.sty"
("C:\Users\naxo_\AppData\Local\Programs\MiKTeX 2.9\tex/latex/l3kernel\expl3.sty
"
Package: expl3 2019-01-13 L3 programming layer (loader) 

("C:\Users\naxo_\AppData\Local\Programs\MiKTeX 2.9\tex/latex/l3kernel\expl3-cod
e.tex"
Package: expl3 2019-01-13 L3 programming layer (code)
\c_max_int=\count114
\l_tmpa_int=\count115
\l_tmpb_int=\count116
\g_tmpa_int=\count117
\g_tmpb_int=\count118
\g__kernel_prg_map_int=\count119
\c_log_iow=\count120
\l_iow_line_count_int=\count121
\l__iow_line_target_int=\count122
\l__iow_one_indent_int=\count123
\l__iow_indent_int=\count124
\c_zero_dim=\dimen119
\c_max_dim=\dimen120
\l_tmpa_dim=\dimen121
\l_tmpb_dim=\dimen122
\g_tmpa_dim=\dimen123
\g_tmpb_dim=\dimen124
\c_zero_skip=\skip57
\c_max_skip=\skip58
\l_tmpa_skip=\skip59
\l_tmpb_skip=\skip60
\g_tmpa_skip=\skip61
\g_tmpb_skip=\skip62
\c_zero_muskip=\muskip12
\c_max_muskip=\muskip13
\l_tmpa_muskip=\muskip14
\l_tmpb_muskip=\muskip15
\g_tmpa_muskip=\muskip16
\g_tmpb_muskip=\muskip17
\l_keys_choice_int=\count125
\l__intarray_loop_int=\count126
\c__intarray_sp_dim=\dimen125
\g__intarray_font_int=\count127
\c__fp_leading_shift_int=\count128
\c__fp_middle_shift_int=\count129
\c__fp_trailing_shift_int=\count130
\c__fp_big_leading_shift_int=\count131
\c__fp_big_middle_shift_int=\count132
\c__fp_big_trailing_shift_int=\count133
\c__fp_Bigg_leading_shift_int=\count134
\c__fp_Bigg_middle_shift_int=\count135
\c__fp_Bigg_trailing_shift_int=\count136
\c__kernel_randint_max_int=\count137
\g__fp_array_int=\count138
\l__fp_array_loop_int=\count139
\l__sort_length_int=\count140
\l__sort_min_int=\count141
\l__sort_top_int=\count142
\l__sort_max_int=\count143
\l__sort_true_max_int=\count144
\l__sort_block_int=\count145
\l__sort_begin_int=\count146
\l__sort_end_int=\count147
\l__sort_A_int=\count148
\l__sort_B_int=\count149
\l__sort_C_int=\count150
\l__tl_analysis_normal_int=\count151
\l__tl_analysis_index_int=\count152
\l__tl_analysis_nesting_int=\count153
\l__tl_analysis_type_int=\count154
\l__regex_internal_a_int=\count155
\l__regex_internal_b_int=\count156
\l__regex_internal_c_int=\count157
\l__regex_balance_int=\count158
\l__regex_group_level_int=\count159
\l__regex_mode_int=\count160
\c__regex_cs_in_class_mode_int=\count161
\c__regex_cs_mode_int=\count162
\l__regex_catcodes_int=\count163
\l__regex_default_catcodes_int=\count164
\c__regex_catcode_D_int=\count165
\c__regex_catcode_S_int=\count166
\c__regex_catcode_L_int=\count167
\c__regex_catcode_O_int=\count168
\c__regex_catcode_A_int=\count169
\c__regex_all_catcodes_int=\count170
\l__regex_show_lines_int=\count171
\l__regex_min_state_int=\count172
\l__regex_max_state_int=\count173
\l__regex_left_state_int=\count174
\l__regex_right_state_int=\count175
\l__regex_capturing_group_int=\count176
\l__regex_min_pos_int=\count177
\l__regex_max_pos_int=\count178
\l__regex_curr_pos_int=\count179
\l__regex_start_pos_int=\count180
\l__regex_success_pos_int=\count181
\l__regex_curr_char_int=\count182
\l__regex_curr_catcode_int=\count183
\l__regex_last_char_int=\count184
\l__regex_case_changed_char_int=\count185
\l__regex_curr_state_int=\count186
\l__regex_step_int=\count187
\l__regex_min_active_int=\count188
\l__regex_max_active_int=\count189
\l__regex_replacement_csnames_int=\count190
\l__regex_match_count_int=\count191
\l__regex_min_submatch_int=\count192
\l__regex_submatch_int=\count193
\l__regex_zeroth_submatch_int=\count194
\g__regex_trace_regex_int=\count195
\c_empty_box=\box29
\l_tmpa_box=\box30
\l_tmpb_box=\box31
\g_tmpa_box=\box32
\g_tmpb_box=\box33
\l__box_top_dim=\dimen126
\l__box_bottom_dim=\dimen127
\l__box_left_dim=\dimen128
\l__box_right_dim=\dimen129
\l__box_top_new_dim=\dimen130
\l__box_bottom_new_dim=\dimen131
\l__box_left_new_dim=\dimen132
\l__box_right_new_dim=\dimen133
\l__box_internal_box=\box34
\l__coffin_internal_box=\box35
\l__coffin_internal_dim=\dimen134
\l__coffin_offset_x_dim=\dimen135
\l__coffin_offset_y_dim=\dimen136
\l__coffin_x_dim=\dimen137
\l__coffin_y_dim=\dimen138
\l__coffin_x_prime_dim=\dimen139
\l__coffin_y_prime_dim=\dimen140
\c_empty_coffin=\box36
\l__coffin_aligned_coffin=\box37
\l__coffin_aligned_internal_coffin=\box38
\l_tmpa_coffin=\box39
\l_tmpb_coffin=\box40
\l__coffin_display_coffin=\box41
\l__coffin_display_coord_coffin=\box42
\l__coffin_display_pole_coffin=\box43
\l__coffin_display_offset_dim=\dimen141
\l__coffin_display_x_dim=\dimen142
\l__coffin_display_y_dim=\dimen143
\g__file_internal_ior=\read1
\l__coffin_bounding_shift_dim=\dimen144
\l__coffin_left_corner_dim=\dimen145
\l__coffin_right_corner_dim=\dimen146
\l__coffin_bottom_corner_dim=\dimen147
\l__coffin_top_corner_dim=\dimen148
\l__coffin_scaled_total_height_dim=\dimen149
\l__coffin_scaled_width_dim=\dimen150
\l__seq_internal_a_int=\count196
\l__seq_internal_b_int=\count197
)
("C:\Users\naxo_\AppData\Local\Programs\MiKTeX 2.9\tex/latex/l3kernel\l3pdfmode
.def"
File: l3pdfmode.def 2019-01-13 v L3 Experimental driver: PDF mode
\l__driver_color_stack_int=\count198
))
("C:\Users\naxo_\AppData\Local\Programs\MiKTeX 2.9\tex/latex/l3packages/xparse\
xparse.sty"
Package: xparse 2018-10-17 L3 Experimental document command parser
\l__xparse_current_arg_int=\count199
\g__xparse_grabber_int=\count266
\l__xparse_m_args_int=\count267
\l__xparse_mandatory_args_int=\count268
\l__xparse_v_nesting_int=\count269
)
("C:\Users\naxo_\AppData\Local\Programs\MiKTeX 2.9\tex/latex/eepic\epic.sty"
Enhancements to Picture Environment. Version 1.2 - Released June 1, 1986
\@@multicnt=\count270
\d@lta=\count271
\@delta=\dimen151
\@@delta=\dimen152
\@gridcnt=\count272
\@joinkind=\count273
\@dotgap=\dimen153
\@ddotgap=\dimen154
\@x@diff=\count274
\@y@diff=\count275
\x@diff=\dimen155
\y@diff=\dimen156
\@dotbox=\box44
\num@segments=\count276
\num@segmentsi=\count277
\@datafile=\read2
)
("C:\Users\naxo_\AppData\Local\Programs\MiKTeX 2.9\tex/latex/cntformats\cntform
ats.sty"
Package: cntformats 2014/07/20 v0.7 A different way to read counters. (CN)

("C:\Users\naxo_\AppData\Local\Programs\MiKTeX 2.9\tex/latex/cnltx\cnltx-base.s
ty"
Package: cnltx-base 2015/08/17 v0.13 LaTeX tools and documenting facilities (CN
)

("C:\Users\naxo_\AppData\Local\Programs\MiKTeX 2.9\tex/latex/pgfopts\pgfopts.st
y"
Package: pgfopts 2014/07/10 v2.1a LaTeX package options with pgfkeys

("C:\Users\naxo_\AppData\Local\Programs\MiKTeX 2.9\tex/latex/pgf/utilities\pgfk
eys.sty"
("C:\Users\naxo_\AppData\Local\Programs\MiKTeX 2.9\tex/generic/pgf/utilities\pg
fkeys.code.tex"
\pgfkeys@pathtoks=\toks24
\pgfkeys@temptoks=\toks25

("C:\Users\naxo_\AppData\Local\Programs\MiKTeX 2.9\tex/generic/pgf/utilities\pg
fkeysfiltered.code.tex"
\pgfkeys@tmptoks=\toks26
)))
\pgfopts@list@add@a@toks=\toks27
\pgfopts@list@add@b@toks=\toks28
)
\c@cnltx@tmpa=\count278
\c@cnltx@tmpb=\count279
\c@cnltx@tmpc=\count280
\cnltx@tmpa@length=\skip63
\cnltx@tmpb@length=\skip64
\cnltx@tmpc@length=\skip65

("C:\Users\naxo_\AppData\Local\Programs\MiKTeX 2.9\tex/latex/xcolor\xcolor.sty"
Package: xcolor 2016/05/11 v2.12 LaTeX color extensions (UK)

("C:\Users\naxo_\AppData\Local\Programs\MiKTeX 2.9\tex/latex/graphics-cfg\color
.cfg"
File: color.cfg 2016/01/02 v1.6 sample color configuration
)
Package xcolor Info: Driver file: pdftex.def on input line 225.
Package xcolor Info: Model `cmy' substituted by `cmy0' on input line 1348.
Package xcolor Info: Model `hsb' substituted by `rgb' on input line 1352.
Package xcolor Info: Model `RGB' extended on input line 1364.
Package xcolor Info: Model `HTML' substituted by `rgb' on input line 1366.
Package xcolor Info: Model `Hsb' substituted by `hsb' on input line 1367.
Package xcolor Info: Model `tHsb' substituted by `hsb' on input line 1368.
Package xcolor Info: Model `HSB' substituted by `hsb' on input line 1369.
Package xcolor Info: Model `Gray' substituted by `gray' on input line 1370.
Package xcolor Info: Model `wave' substituted by `hsb' on input line 1371.
)
("C:\Users\naxo_\AppData\Local\Programs\MiKTeX 2.9\tex/latex/trimspaces\trimspa
ces.sty"
Package: trimspaces 2009/09/17 v1.1 Trim spaces around a token list
)))
("C:\Users\naxo_\AppData\Local\Programs\MiKTeX 2.9\tex/latex/l3packages/xtempla
te\xtemplate.sty"
Package: xtemplate 2018-10-17 L3 Experimental prototype document functions
\l__xtemplate_tmp_dim=\dimen157
\l__xtemplate_tmp_int=\count281
\l__xtemplate_tmp_muskip=\muskip18
\l__xtemplate_tmp_skip=\skip66
)
("C:\Users\naxo_\AppData\Local\Programs\MiKTeX 2.9\tex/latex/environ\environ.st
y"
Package: environ 2014/05/04 v0.3 A new way to define environments
)
Package: tasks 2016/08/13 v0.12 Horizontalcolumnedlists (CN)
\l__tasks_depth_int=\count282
\g__tasks_int=\count283
\g__tasks_total_items_int=\count284
\l__tasks_columns_int=\count285
\l__tasks_rows_int=\count286
\g__tasks_current_col_num_int=\count287
\g__tasks_current_row_num_int=\count288
\l__tasks_item_columns_int=\count289
\l__tasks_item_indent_dim=\dimen158
\l__tasks_item_default_indent_dim=\dimen159
\l__tasks_item_width_dim=\dimen160
\l__tasks_label_width_dim=\dimen161
\l__tasks_label_default_width_dim=\dimen162
\l__tasks_label_offset_dim=\dimen163
\l__tasks_label_default_offset_dim=\dimen164
\l__tasks_column_sep_dim=\dimen165
\l__tasks_after_item_skip=\skip67
\l__tasks_custom_after_item_skip=\skip68
\l__tasks_before_list_skip=\skip69
\l__tasks_after_list_skip=\skip70
\l__tasks_item_coffin=\box45
\l__tasks_label_coffin=\box46
\c@task=\count290
\l__tasks_tmpa_int=\count291
\l__tasks_tmpb_int=\count292
\l__tasks_tmpa_coffin=\box47

Package xtemplate Info: Declaring object type 'tasks' taking 3 argument(s) on
(xtemplate)             line 379.

\l__tasks_choice_width_dim=\dimen166
\l__tasks_choice_linewidth_dim=\dimen167
\l__tasks_choice_checkwidth_dim=\dimen168
\l__tasks_choice_raise_dim=\dimen169
 ("C:\Users\naxo_\AppData\Local\Programs\MiKTeX 2.9\tex/latex/tasks\tasks.cfg"
File: tasks.cfg 2016/08/13 v0.12 tasks instances
))
("C:\Users\naxo_\AppData\Local\Programs\MiKTeX 2.9\tex/latex/mdframed\mdframed.
sty"
Package: mdframed 2013/07/01 1.9b: mdframed

("C:\Users\naxo_\AppData\Local\Programs\MiKTeX 2.9\tex/latex/oberdiek\zref-absp
age.sty"
Package: zref-abspage 2018/11/21 v2.27 Module abspage for zref (HO)

("C:\Users\naxo_\AppData\Local\Programs\MiKTeX 2.9\tex/latex/oberdiek\zref-base
.sty"
Package: zref-base 2018/11/21 v2.27 Module base for zref (HO)
Package zref Info: New property list: main on input line 759.
Package zref Info: New property: default on input line 760.
Package zref Info: New property: page on input line 761.
)
\c@abspage=\count293
Package zref Info: New property: abspage on input line 62.
)
("C:\Users\naxo_\AppData\Local\Programs\MiKTeX 2.9\tex/latex/needspace\needspac
e.sty"
Package: needspace 2010/09/12 v1.3d reserve vertical space
)
\mdf@templength=\skip71
\c@mdf@globalstyle@cnt=\count294
\mdf@skipabove@length=\skip72
\mdf@skipbelow@length=\skip73
\mdf@leftmargin@length=\skip74
\mdf@rightmargin@length=\skip75
\mdf@innerleftmargin@length=\skip76
\mdf@innerrightmargin@length=\skip77
\mdf@innertopmargin@length=\skip78
\mdf@innerbottommargin@length=\skip79
\mdf@splittopskip@length=\skip80
\mdf@splitbottomskip@length=\skip81
\mdf@outermargin@length=\skip82
\mdf@innermargin@length=\skip83
\mdf@linewidth@length=\skip84
\mdf@innerlinewidth@length=\skip85
\mdf@middlelinewidth@length=\skip86
\mdf@outerlinewidth@length=\skip87
\mdf@roundcorner@length=\skip88
\mdf@footenotedistance@length=\skip89
\mdf@userdefinedwidth@length=\skip90
\mdf@needspace@length=\skip91
\mdf@frametitleaboveskip@length=\skip92
\mdf@frametitlebelowskip@length=\skip93
\mdf@frametitlerulewidth@length=\skip94
\mdf@frametitleleftmargin@length=\skip95
\mdf@frametitlerightmargin@length=\skip96
\mdf@shadowsize@length=\skip97
\mdf@extratopheight@length=\skip98
\mdf@subtitleabovelinewidth@length=\skip99
\mdf@subtitlebelowlinewidth@length=\skip100
\mdf@subtitleaboveskip@length=\skip101
\mdf@subtitlebelowskip@length=\skip102
\mdf@subtitleinneraboveskip@length=\skip103
\mdf@subtitleinnerbelowskip@length=\skip104
\mdf@subsubtitleabovelinewidth@length=\skip105
\mdf@subsubtitlebelowlinewidth@length=\skip106
\mdf@subsubtitleaboveskip@length=\skip107
\mdf@subsubtitlebelowskip@length=\skip108
\mdf@subsubtitleinneraboveskip@length=\skip109
\mdf@subsubtitleinnerbelowskip@length=\skip110

("C:\Users\naxo_\AppData\Local\Programs\MiKTeX 2.9\tex/latex/mdframed\md-frame-
0.mdf"
File: md-frame-0.mdf 2013/07/01\ 1.9b: md-frame-0
)
\mdf@frametitlebox=\box48
\mdf@footnotebox=\box49
\mdf@splitbox@one=\box50
\mdf@splitbox@two=\box51
\mdf@splitbox@save=\box52
\mdfsplitboxwidth=\skip111
\mdfsplitboxtotalwidth=\skip112
\mdfsplitboxheight=\skip113
\mdfsplitboxdepth=\skip114
\mdfsplitboxtotalheight=\skip115
\mdfframetitleboxwidth=\skip116
\mdfframetitleboxtotalwidth=\skip117
\mdfframetitleboxheight=\skip118
\mdfframetitleboxdepth=\skip119
\mdfframetitleboxtotalheight=\skip120
\mdffootnoteboxwidth=\skip121
\mdffootnoteboxtotalwidth=\skip122
\mdffootnoteboxheight=\skip123
\mdffootnoteboxdepth=\skip124
\mdffootnoteboxtotalheight=\skip125
\mdftotallinewidth=\skip126
\mdfboundingboxwidth=\skip127
\mdfboundingboxtotalwidth=\skip128
\mdfboundingboxheight=\skip129
\mdfboundingboxdepth=\skip130
\mdfboundingboxtotalheight=\skip131
\mdf@freevspace@length=\skip132
\mdf@horizontalwidthofbox@length=\skip133
\mdf@verticalmarginwhole@length=\skip134
\mdf@horizontalspaceofbox=\skip135
\mdfsubtitleheight=\skip136
\mdfsubsubtitleheight=\skip137
\c@mdfcountframes=\count295

****** mdframed patching \endmdf@trivlist

****** -- success******

\mdf@envdepth=\count296
\c@mdf@env@i=\count297
\c@mdf@env@ii=\count298
\c@mdf@zref@counter=\count299
Package zref Info: New property: mdf@pagevalue on input line 895.
)
("C:\Users\naxo_\AppData\Local\Programs\MiKTeX 2.9\tex/latex/pgfplots\pgfplots.
sty"
("C:\Users\naxo_\AppData\Local\Programs\MiKTeX 2.9\tex/generic/pgfplots\pgfplot
s.revision.tex")
Package: pgfplots 2018/03/28 v1.16 Data Visualization (1.16)

("C:\Users\naxo_\AppData\Local\Programs\MiKTeX 2.9\tex/latex/pgf/frontendlayer\
tikz.sty"
("C:\Users\naxo_\AppData\Local\Programs\MiKTeX 2.9\tex/latex/pgf/basiclayer\pgf
.sty"
("C:\Users\naxo_\AppData\Local\Programs\MiKTeX 2.9\tex/latex/pgf/utilities\pgfr
cs.sty"
("C:\Users\naxo_\AppData\Local\Programs\MiKTeX 2.9\tex/generic/pgf/utilities\pg
futil-common.tex"
\pgfutil@everybye=\toks29
\pgfutil@tempdima=\dimen170
\pgfutil@tempdimb=\dimen171

("C:\Users\naxo_\AppData\Local\Programs\MiKTeX 2.9\tex/generic/pgf/utilities\pg
futil-common-lists.tex"))
("C:\Users\naxo_\AppData\Local\Programs\MiKTeX 2.9\tex/generic/pgf/utilities\pg
futil-latex.def"
\pgfutil@abb=\box53

("C:\Users\naxo_\AppData\Local\Programs\MiKTeX 2.9\tex/latex/ms\everyshi.sty"
Package: everyshi 2001/05/15 v3.00 EveryShipout Package (MS)
))
("C:\Users\naxo_\AppData\Local\Programs\MiKTeX 2.9\tex/generic/pgf/utilities\pg
frcs.code.tex"
("C:\Users\naxo_\AppData\Local\Programs\MiKTeX 2.9\tex/generic/pgf\pgf.revision
.tex")
Package: pgfrcs 2019/01/05 v3.1 (3.1)
))
Package: pgf 2019/01/05 v3.1 (3.1)

("C:\Users\naxo_\AppData\Local\Programs\MiKTeX 2.9\tex/latex/pgf/basiclayer\pgf
core.sty"
("C:\Users\naxo_\AppData\Local\Programs\MiKTeX 2.9\tex/latex/pgf/systemlayer\pg
fsys.sty"
("C:\Users\naxo_\AppData\Local\Programs\MiKTeX 2.9\tex/generic/pgf/systemlayer\
pgfsys.code.tex"
Package: pgfsys 2019/01/05 v3.1 (3.1)

("C:\Users\naxo_\AppData\Local\Programs\MiKTeX 2.9\tex/generic/pgf/utilities\pg
fkeys.code.tex")
\pgf@x=\dimen172
\pgf@y=\dimen173
\pgf@xa=\dimen174
\pgf@ya=\dimen175
\pgf@xb=\dimen176
\pgf@yb=\dimen177
\pgf@xc=\dimen178
\pgf@yc=\dimen179
\w@pgf@writea=\write3
\r@pgf@reada=\read3
\c@pgf@counta=\count300
\c@pgf@countb=\count301
\c@pgf@countc=\count302
\c@pgf@countd=\count303
\t@pgf@toka=\toks30
\t@pgf@tokb=\toks31
\t@pgf@tokc=\toks32
\pgf@sys@id@count=\count304

("C:\Users\naxo_\AppData\Local\Programs\MiKTeX 2.9\tex/generic/pgf/systemlayer\
pgf.cfg"
File: pgf.cfg 2019/01/05 v3.1 (3.1)
)
Driver file for pgf: pgfsys-pdftex.def

("C:\Users\naxo_\AppData\Local\Programs\MiKTeX 2.9\tex/generic/pgf/systemlayer\
pgfsys-pdftex.def"
File: pgfsys-pdftex.def 2019/01/05 v3.1 (3.1)

("C:\Users\naxo_\AppData\Local\Programs\MiKTeX 2.9\tex/generic/pgf/systemlayer\
pgfsys-common-pdf.def"
File: pgfsys-common-pdf.def 2019/01/05 v3.1 (3.1)
)))
("C:\Users\naxo_\AppData\Local\Programs\MiKTeX 2.9\tex/generic/pgf/systemlayer\
pgfsyssoftpath.code.tex"
File: pgfsyssoftpath.code.tex 2019/01/05 v3.1 (3.1)
\pgfsyssoftpath@smallbuffer@items=\count305
\pgfsyssoftpath@bigbuffer@items=\count306
)
("C:\Users\naxo_\AppData\Local\Programs\MiKTeX 2.9\tex/generic/pgf/systemlayer\
pgfsysprotocol.code.tex"
File: pgfsysprotocol.code.tex 2019/01/05 v3.1 (3.1)
))
("C:\Users\naxo_\AppData\Local\Programs\MiKTeX 2.9\tex/generic/pgf/basiclayer\p
gfcore.code.tex"
Package: pgfcore 2019/01/05 v3.1 (3.1)

("C:\Users\naxo_\AppData\Local\Programs\MiKTeX 2.9\tex/generic/pgf/math\pgfmath
.code.tex"
("C:\Users\naxo_\AppData\Local\Programs\MiKTeX 2.9\tex/generic/pgf/math\pgfmath
calc.code.tex"
("C:\Users\naxo_\AppData\Local\Programs\MiKTeX 2.9\tex/generic/pgf/math\pgfmath
util.code.tex")
("C:\Users\naxo_\AppData\Local\Programs\MiKTeX 2.9\tex/generic/pgf/math\pgfmath
parser.code.tex"
\pgfmath@dimen=\dimen180
\pgfmath@count=\count307
\pgfmath@box=\box54
\pgfmath@toks=\toks33
\pgfmath@stack@operand=\toks34
\pgfmath@stack@operation=\toks35
)
("C:\Users\naxo_\AppData\Local\Programs\MiKTeX 2.9\tex/generic/pgf/math\pgfmath
functions.code.tex"
("C:\Users\naxo_\AppData\Local\Programs\MiKTeX 2.9\tex/generic/pgf/math\pgfmath
functions.basic.code.tex")
("C:\Users\naxo_\AppData\Local\Programs\MiKTeX 2.9\tex/generic/pgf/math\pgfmath
functions.trigonometric.code.tex")
("C:\Users\naxo_\AppData\Local\Programs\MiKTeX 2.9\tex/generic/pgf/math\pgfmath
functions.random.code.tex")
("C:\Users\naxo_\AppData\Local\Programs\MiKTeX 2.9\tex/generic/pgf/math\pgfmath
functions.comparison.code.tex")
("C:\Users\naxo_\AppData\Local\Programs\MiKTeX 2.9\tex/generic/pgf/math\pgfmath
functions.base.code.tex")
("C:\Users\naxo_\AppData\Local\Programs\MiKTeX 2.9\tex/generic/pgf/math\pgfmath
functions.round.code.tex")
("C:\Users\naxo_\AppData\Local\Programs\MiKTeX 2.9\tex/generic/pgf/math\pgfmath
functions.misc.code.tex")
("C:\Users\naxo_\AppData\Local\Programs\MiKTeX 2.9\tex/generic/pgf/math\pgfmath
functions.integerarithmetics.code.tex")))
("C:\Users\naxo_\AppData\Local\Programs\MiKTeX 2.9\tex/generic/pgf/math\pgfmath
float.code.tex"
\c@pgfmathroundto@lastzeros=\count308
))
("C:\Users\naxo_\AppData\Local\Programs\MiKTeX 2.9\tex/generic/pgf/basiclayer\p
gfcorepoints.code.tex"
File: pgfcorepoints.code.tex 2019/01/05 v3.1 (3.1)
\pgf@picminx=\dimen181
\pgf@picmaxx=\dimen182
\pgf@picminy=\dimen183
\pgf@picmaxy=\dimen184
\pgf@pathminx=\dimen185
\pgf@pathmaxx=\dimen186
\pgf@pathminy=\dimen187
\pgf@pathmaxy=\dimen188
\pgf@xx=\dimen189
\pgf@xy=\dimen190
\pgf@yx=\dimen191
\pgf@yy=\dimen192
\pgf@zx=\dimen193
\pgf@zy=\dimen194
)
("C:\Users\naxo_\AppData\Local\Programs\MiKTeX 2.9\tex/generic/pgf/basiclayer\p
gfcorepathconstruct.code.tex"
File: pgfcorepathconstruct.code.tex 2019/01/05 v3.1 (3.1)
\pgf@path@lastx=\dimen195
\pgf@path@lasty=\dimen196
)
("C:\Users\naxo_\AppData\Local\Programs\MiKTeX 2.9\tex/generic/pgf/basiclayer\p
gfcorepathusage.code.tex"
File: pgfcorepathusage.code.tex 2019/01/05 v3.1 (3.1)
\pgf@shorten@end@additional=\dimen197
\pgf@shorten@start@additional=\dimen198
)
("C:\Users\naxo_\AppData\Local\Programs\MiKTeX 2.9\tex/generic/pgf/basiclayer\p
gfcorescopes.code.tex"
File: pgfcorescopes.code.tex 2019/01/05 v3.1 (3.1)
\pgfpic=\box55
\pgf@hbox=\box56
\pgf@layerbox@main=\box57
\pgf@picture@serial@count=\count309
)
("C:\Users\naxo_\AppData\Local\Programs\MiKTeX 2.9\tex/generic/pgf/basiclayer\p
gfcoregraphicstate.code.tex"
File: pgfcoregraphicstate.code.tex 2019/01/05 v3.1 (3.1)
\pgflinewidth=\dimen199
)
("C:\Users\naxo_\AppData\Local\Programs\MiKTeX 2.9\tex/generic/pgf/basiclayer\p
gfcoretransformations.code.tex"
File: pgfcoretransformations.code.tex 2019/01/05 v3.1 (3.1)
\pgf@pt@x=\dimen256
\pgf@pt@y=\dimen257
\pgf@pt@temp=\dimen258
)
("C:\Users\naxo_\AppData\Local\Programs\MiKTeX 2.9\tex/generic/pgf/basiclayer\p
gfcorequick.code.tex"
File: pgfcorequick.code.tex 2019/01/05 v3.1 (3.1)
)
("C:\Users\naxo_\AppData\Local\Programs\MiKTeX 2.9\tex/generic/pgf/basiclayer\p
gfcoreobjects.code.tex"
File: pgfcoreobjects.code.tex 2019/01/05 v3.1 (3.1)
)
("C:\Users\naxo_\AppData\Local\Programs\MiKTeX 2.9\tex/generic/pgf/basiclayer\p
gfcorepathprocessing.code.tex"
File: pgfcorepathprocessing.code.tex 2019/01/05 v3.1 (3.1)
)
("C:\Users\naxo_\AppData\Local\Programs\MiKTeX 2.9\tex/generic/pgf/basiclayer\p
gfcorearrows.code.tex"
File: pgfcorearrows.code.tex 2019/01/05 v3.1 (3.1)
\pgfarrowsep=\dimen259
)
("C:\Users\naxo_\AppData\Local\Programs\MiKTeX 2.9\tex/generic/pgf/basiclayer\p
gfcoreshade.code.tex"
File: pgfcoreshade.code.tex 2019/01/05 v3.1 (3.1)
\pgf@max=\dimen260
\pgf@sys@shading@range@num=\count310
)
("C:\Users\naxo_\AppData\Local\Programs\MiKTeX 2.9\tex/generic/pgf/basiclayer\p
gfcoreimage.code.tex"
File: pgfcoreimage.code.tex 2019/01/05 v3.1 (3.1)

("C:\Users\naxo_\AppData\Local\Programs\MiKTeX 2.9\tex/generic/pgf/basiclayer\p
gfcoreexternal.code.tex"
File: pgfcoreexternal.code.tex 2019/01/05 v3.1 (3.1)
\pgfexternal@startupbox=\box58
))
("C:\Users\naxo_\AppData\Local\Programs\MiKTeX 2.9\tex/generic/pgf/basiclayer\p
gfcorelayers.code.tex"
File: pgfcorelayers.code.tex 2019/01/05 v3.1 (3.1)
)
("C:\Users\naxo_\AppData\Local\Programs\MiKTeX 2.9\tex/generic/pgf/basiclayer\p
gfcoretransparency.code.tex"
File: pgfcoretransparency.code.tex 2019/01/05 v3.1 (3.1)
)
("C:\Users\naxo_\AppData\Local\Programs\MiKTeX 2.9\tex/generic/pgf/basiclayer\p
gfcorepatterns.code.tex"
File: pgfcorepatterns.code.tex 2019/01/05 v3.1 (3.1)
)
("C:\Users\naxo_\AppData\Local\Programs\MiKTeX 2.9\tex/generic/pgf/basiclayer\p
gfcorerdf.code.tex"
File: pgfcorerdf.code.tex 2019/01/05 v3.1 (3.1)
)))
("C:\Users\naxo_\AppData\Local\Programs\MiKTeX 2.9\tex/generic/pgf/modules\pgfm
oduleshapes.code.tex"
File: pgfmoduleshapes.code.tex 2019/01/05 v3.1 (3.1)
\pgfnodeparttextbox=\box59
)
("C:\Users\naxo_\AppData\Local\Programs\MiKTeX 2.9\tex/generic/pgf/modules\pgfm
oduleplot.code.tex"
File: pgfmoduleplot.code.tex 2019/01/05 v3.1 (3.1)
)
("C:\Users\naxo_\AppData\Local\Programs\MiKTeX 2.9\tex/latex/pgf/compatibility\
pgfcomp-version-0-65.sty"
Package: pgfcomp-version-0-65 2019/01/05 v3.1 (3.1)
\pgf@nodesepstart=\dimen261
\pgf@nodesepend=\dimen262
)
("C:\Users\naxo_\AppData\Local\Programs\MiKTeX 2.9\tex/latex/pgf/compatibility\
pgfcomp-version-1-18.sty"
Package: pgfcomp-version-1-18 2019/01/05 v3.1 (3.1)
))
("C:\Users\naxo_\AppData\Local\Programs\MiKTeX 2.9\tex/latex/pgf/utilities\pgff
or.sty"
("C:\Users\naxo_\AppData\Local\Programs\MiKTeX 2.9\tex/latex/pgf/math\pgfmath.s
ty"
("C:\Users\naxo_\AppData\Local\Programs\MiKTeX 2.9\tex/generic/pgf/math\pgfmath
.code.tex"))
("C:\Users\naxo_\AppData\Local\Programs\MiKTeX 2.9\tex/generic/pgf/utilities\pg
ffor.code.tex"
Package: pgffor 2019/01/05 v3.1 (3.1)

("C:\Users\naxo_\AppData\Local\Programs\MiKTeX 2.9\tex/generic/pgf/math\pgfmath
.code.tex")
\pgffor@iter=\dimen263
\pgffor@skip=\dimen264
\pgffor@stack=\toks36
\pgffor@toks=\toks37
))
("C:\Users\naxo_\AppData\Local\Programs\MiKTeX 2.9\tex/generic/pgf/frontendlaye
r/tikz\tikz.code.tex"
Package: tikz 2019/01/05 v3.1 (3.1)

("C:\Users\naxo_\AppData\Local\Programs\MiKTeX 2.9\tex/generic/pgf/libraries\pg
flibraryplothandlers.code.tex"
File: pgflibraryplothandlers.code.tex 2019/01/05 v3.1 (3.1)
\pgf@plot@mark@count=\count311
\pgfplotmarksize=\dimen265
)
\tikz@lastx=\dimen266
\tikz@lasty=\dimen267
\tikz@lastxsaved=\dimen268
\tikz@lastysaved=\dimen269
\tikzleveldistance=\dimen270
\tikzsiblingdistance=\dimen271
\tikz@figbox=\box60
\tikz@figbox@bg=\box61
\tikz@tempbox=\box62
\tikz@tempbox@bg=\box63
\tikztreelevel=\count312
\tikznumberofchildren=\count313
\tikznumberofcurrentchild=\count314
\tikz@fig@count=\count315

("C:\Users\naxo_\AppData\Local\Programs\MiKTeX 2.9\tex/generic/pgf/modules\pgfm
odulematrix.code.tex"
File: pgfmodulematrix.code.tex 2019/01/05 v3.1 (3.1)
\pgfmatrixcurrentrow=\count316
\pgfmatrixcurrentcolumn=\count317
\pgf@matrix@numberofcolumns=\count318
)
\tikz@expandcount=\count319

("C:\Users\naxo_\AppData\Local\Programs\MiKTeX 2.9\tex/generic/pgf/frontendlaye
r/tikz/libraries\tikzlibrarytopaths.code.tex"
File: tikzlibrarytopaths.code.tex 2019/01/05 v3.1 (3.1)
)))
("C:\Users\naxo_\AppData\Local\Programs\MiKTeX 2.9\tex/generic/pgfplots\pgfplot
s.code.tex"
("C:\Users\naxo_\AppData\Local\Programs\MiKTeX 2.9\tex/generic/pgfplots\pgfplot
score.code.tex"
\t@pgfplots@toka=\toks38
\t@pgfplots@tokb=\toks39
\t@pgfplots@tokc=\toks40
\pgfplots@tmpa=\dimen272
\c@pgfplots@coordindex=\count320
\c@pgfplots@scanlineindex=\count321

("C:\Users\naxo_\AppData\Local\Programs\MiKTeX 2.9\tex/generic/pgfplots/sys\pgf
plotssysgeneric.code.tex"))
("C:\Users\naxo_\AppData\Local\Programs\MiKTeX 2.9\tex/generic/pgfplots/libs\pg
fplotslibrary.code.tex")
("C:\Users\naxo_\AppData\Local\Programs\MiKTeX 2.9\tex/generic/pgfplots/oldpgfc
ompatib\pgfplotsoldpgfsupp_loader.code.tex"
("C:\Users\naxo_\AppData\Local\Programs\MiKTeX 2.9\tex/generic/pgf/libraries\pg
flibraryfpu.code.tex")
Package pgfplots: loading complementary arithmetics for your pgf version...

("C:\Users\naxo_\AppData\Local\Programs\MiKTeX 2.9\tex/generic/pgfplots/oldpgfc
ompatib\pgfplotsoldpgfsupp_pgflibraryfpu.code.tex")
("C:\Users\naxo_\AppData\Local\Programs\MiKTeX 2.9\tex/generic/pgfplots/oldpgfc
ompatib\pgfplotsoldpgfsupp_pgfmathfloat.code.tex"
\c@pgfmathroundto@lastzeros=\count322
))
("C:\Users\naxo_\AppData\Local\Programs\MiKTeX 2.9\tex/generic/pgfplots/util\pg
fplotsutil.code.tex"
("C:\Users\naxo_\AppData\Local\Programs\MiKTeX 2.9\tex/generic/pgfplots/liststr
ucture\pgfplotsliststructure.code.tex")
("C:\Users\naxo_\AppData\Local\Programs\MiKTeX 2.9\tex/generic/pgfplots/liststr
ucture\pgfplotsliststructureext.code.tex")
("C:\Users\naxo_\AppData\Local\Programs\MiKTeX 2.9\tex/generic/pgfplots/liststr
ucture\pgfplotsarray.code.tex"
\c@pgfplotsarray@tmp=\count323
)
("C:\Users\naxo_\AppData\Local\Programs\MiKTeX 2.9\tex/generic/pgfplots/liststr
ucture\pgfplotsmatrix.code.tex")
("C:\Users\naxo_\AppData\Local\Programs\MiKTeX 2.9\tex/generic/pgfplots/numtabl
e\pgfplotstableshared.code.tex"
\c@pgfplotstable@counta=\count324
\t@pgfplotstable@a=\toks41
)
("C:\Users\naxo_\AppData\Local\Programs\MiKTeX 2.9\tex/generic/pgfplots/liststr
ucture\pgfplotsdeque.code.tex")
("C:\Users\naxo_\AppData\Local\Programs\MiKTeX 2.9\tex/generic/pgfplots/util\pg
fplotsbinary.code.tex"
("C:\Users\naxo_\AppData\Local\Programs\MiKTeX 2.9\tex/generic/pgfplots/util\pg
fplotsbinary.data.code.tex"))
("C:\Users\naxo_\AppData\Local\Programs\MiKTeX 2.9\tex/generic/pgfplots/util\pg
fplotsutil.verb.code.tex")
("C:\Users\naxo_\AppData\Local\Programs\MiKTeX 2.9\tex/generic/pgfplots/libs\pg
flibrarypgfplots.surfshading.code.tex"
\c@pgfplotslibrarysurf@no=\count325

("C:\Users\naxo_\AppData\Local\Programs\MiKTeX 2.9\tex/generic/pgfplots/sys\pgf
librarypgfplots.surfshading.pgfsys-pdftex.def")))
("C:\Users\naxo_\AppData\Local\Programs\MiKTeX 2.9\tex/generic/pgfplots/util\pg
fplotscolormap.code.tex"
("C:\Users\naxo_\AppData\Local\Programs\MiKTeX 2.9\tex/generic/pgfplots/util\pg
fplotscolor.code.tex"))
("C:\Users\naxo_\AppData\Local\Programs\MiKTeX 2.9\tex/generic/pgfplots\pgfplot
sstackedplots.code.tex")
("C:\Users\naxo_\AppData\Local\Programs\MiKTeX 2.9\tex/generic/pgfplots\pgfplot
splothandlers.code.tex"
("C:\Users\naxo_\AppData\Local\Programs\MiKTeX 2.9\tex/generic/pgfplots\pgfplot
smeshplothandler.code.tex"
("C:\Users\naxo_\AppData\Local\Programs\MiKTeX 2.9\tex/generic/pgfplots\pgfplot
smeshplotimage.code.tex")))
("C:\Users\naxo_\AppData\Local\Programs\MiKTeX 2.9\tex/generic/pgfplots\pgfplot
s.scaling.code.tex")
("C:\Users\naxo_\AppData\Local\Programs\MiKTeX 2.9\tex/generic/pgfplots\pgfplot
scoordprocessing.code.tex")
("C:\Users\naxo_\AppData\Local\Programs\MiKTeX 2.9\tex/generic/pgfplots\pgfplot
s.errorbars.code.tex")
("C:\Users\naxo_\AppData\Local\Programs\MiKTeX 2.9\tex/generic/pgfplots\pgfplot
s.markers.code.tex")
("C:\Users\naxo_\AppData\Local\Programs\MiKTeX 2.9\tex/generic/pgfplots\pgfplot
sticks.code.tex")
("C:\Users\naxo_\AppData\Local\Programs\MiKTeX 2.9\tex/generic/pgfplots\pgfplot
s.paths.code.tex")
("C:\Users\naxo_\AppData\Local\Programs\MiKTeX 2.9\tex/generic/pgf/frontendlaye
r/tikz/libraries\tikzlibrarydecorations.code.tex"
("C:\Users\naxo_\AppData\Local\Programs\MiKTeX 2.9\tex/generic/pgf/modules\pgfm
oduledecorations.code.tex"
\pgfdecoratedcompleteddistance=\dimen273
\pgfdecoratedremainingdistance=\dimen274
\pgfdecoratedinputsegmentcompleteddistance=\dimen275
\pgfdecoratedinputsegmentremainingdistance=\dimen276
\pgf@decorate@distancetomove=\dimen277
\pgf@decorate@repeatstate=\count326
\pgfdecorationsegmentamplitude=\dimen278
\pgfdecorationsegmentlength=\dimen279
)
\tikz@lib@dec@box=\box64
)
("C:\Users\naxo_\AppData\Local\Programs\MiKTeX 2.9\tex/generic/pgf/frontendlaye
r/tikz/libraries\tikzlibrarydecorations.pathmorphing.code.tex"
("C:\Users\naxo_\AppData\Local\Programs\MiKTeX 2.9\tex/generic/pgf/libraries/de
corations\pgflibrarydecorations.pathmorphing.code.tex"))
("C:\Users\naxo_\AppData\Local\Programs\MiKTeX 2.9\tex/generic/pgf/frontendlaye
r/tikz/libraries\tikzlibrarydecorations.pathreplacing.code.tex"
("C:\Users\naxo_\AppData\Local\Programs\MiKTeX 2.9\tex/generic/pgf/libraries/de
corations\pgflibrarydecorations.pathreplacing.code.tex"))
\pgfplots@numplots=\count327
\pgfplots@xmin@reg=\dimen280
\pgfplots@xmax@reg=\dimen281
\pgfplots@ymin@reg=\dimen282
\pgfplots@ymax@reg=\dimen283
\pgfplots@zmin@reg=\dimen284
\pgfplots@zmax@reg=\dimen285
)
("C:\Users\naxo_\AppData\Local\Programs\MiKTeX 2.9\tex/generic/pgf/frontendlaye
r/tikz/libraries\tikzlibraryplotmarks.code.tex"
File: tikzlibraryplotmarks.code.tex 2019/01/05 v3.1 (3.1)

("C:\Users\naxo_\AppData\Local\Programs\MiKTeX 2.9\tex/generic/pgf/libraries\pg
flibraryplotmarks.code.tex"
File: pgflibraryplotmarks.code.tex 2019/01/05 v3.1 (3.1)
)))
("C:\Users\naxo_\AppData\Local\Programs\MiKTeX 2.9\tex/latex/cancel\cancel.sty"
Package: cancel 2013/04/12 v2.2 Cancel math terms
)
("C:\Users\naxo_\AppData\Local\Programs\MiKTeX 2.9\tex/latex/tools\multicol.sty
"
Package: multicol 2018/11/09 v1.8u multicolumn formatting (FMi)
\c@tracingmulticols=\count328
\mult@box=\box65
\multicol@leftmargin=\dimen286
\c@unbalance=\count329
\c@collectmore=\count330
\doublecol@number=\count331
\multicoltolerance=\count332
\multicolpretolerance=\count333
\full@width=\dimen287
\page@free=\dimen288
\premulticols=\dimen289
\postmulticols=\dimen290
\multicolsep=\skip138
\multicolbaselineskip=\skip139
\partial@page=\box66
\last@line=\box67
\maxbalancingoverflow=\dimen291
\mult@rightbox=\box68
\mult@grightbox=\box69
\mult@gfirstbox=\box70
\mult@firstbox=\box71
\@tempa=\box72
\@tempa=\box73
\@tempa=\box74
\@tempa=\box75
\@tempa=\box76
\@tempa=\box77
\@tempa=\box78
\@tempa=\box79
\@tempa=\box80
\@tempa=\box81
\@tempa=\box82
\@tempa=\box83
\@tempa=\box84
\@tempa=\box85
\@tempa=\box86
\@tempa=\box87
\@tempa=\box88
\c@columnbadness=\count334
\c@finalcolumnbadness=\count335
\last@try=\dimen292
\multicolovershoot=\dimen293
\multicolundershoot=\dimen294
\mult@nat@firstbox=\box89
\colbreak@box=\box90
\mc@col@check@num=\count336
)
("C:\Users\naxo_\AppData\Local\Programs\MiKTeX 2.9\tex/latex/enumitem\enumitem.
sty"
Package: enumitem 2019/01/14 v3.7 Customized lists
\labelindent=\skip140
\enit@outerparindent=\dimen295
\enit@toks=\toks42
\enit@inbox=\box91
\enit@count@id=\count337
\enitdp@description=\count338
) (solucion.aux
LaTeX Info: Redefining \. on input line 24.
LaTeX Info: Redefining \% on input line 24.
)
\openout1 = `solucion.aux'.

LaTeX Font Info:    Checking defaults for OML/cmm/m/it on input line 76.
LaTeX Font Info:    ... okay on input line 76.
LaTeX Font Info:    Checking defaults for T1/cmr/m/n on input line 76.
LaTeX Font Info:    ... okay on input line 76.
LaTeX Font Info:    Checking defaults for OT1/cmr/m/n on input line 76.
LaTeX Font Info:    ... okay on input line 76.
LaTeX Font Info:    Checking defaults for OMS/cmsy/m/n on input line 76.
LaTeX Font Info:    ... okay on input line 76.
LaTeX Font Info:    Checking defaults for OMX/cmex/m/n on input line 76.
LaTeX Font Info:    ... okay on input line 76.
LaTeX Font Info:    Checking defaults for U/cmr/m/n on input line 76.
LaTeX Font Info:    ... okay on input line 76.
LaTeX Font Info:    Checking defaults for PD1/pdf/m/n on input line 76.
LaTeX Font Info:    ... okay on input line 76.

("C:\Users\naxo_\AppData\Local\Programs\MiKTeX 2.9\tex/context/base\supp-pdf.mk
ii"
[Loading MPS to PDF converter (version 2006.09.02).]
\scratchcounter=\count339
\scratchdimen=\dimen296
\scratchbox=\box92
\nofMPsegments=\count340
\nofMParguments=\count341
\everyMPshowfont=\toks43
\MPscratchCnt=\count342
\MPscratchDim=\dimen297
\MPnumerator=\count343
\makeMPintoPDFobject=\count344
\everyMPtoPDFconversion=\toks44
)
("C:\Users\naxo_\AppData\Local\Programs\MiKTeX 2.9\tex/latex/oberdiek\epstopdf-
base.sty"
Package: epstopdf-base 2016/05/15 v2.6 Base part for package epstopdf

("C:\Users\naxo_\AppData\Local\Programs\MiKTeX 2.9\tex/latex/oberdiek\grfext.st
y"
Package: grfext 2016/05/16 v1.2 Manage graphics extensions (HO)
)
Package epstopdf-base Info: Redefining graphics rule for `.eps' on input line 4
38.
Package grfext Info: Graphics extension search list:
(grfext)             [.pdf,.png,.jpg,.mps,.jpeg,.jbig2,.jb2,.PDF,.PNG,.JPG,.JPE
G,.JBIG2,.JB2,.eps]
(grfext)             \AppendGraphicsExtensions on input line 456.
)
LaTeX Info: Redefining \. on input line 76.
LaTeX Info: Redefining \% on input line 76.
\AtBeginShipoutBox=\box93
Package hyperref Info: Link coloring OFF on input line 76.

("C:\Users\naxo_\AppData\Local\Programs\MiKTeX 2.9\tex/latex/hyperref\nameref.s
ty"
Package: nameref 2016/05/21 v2.44 Cross-referencing by name of section

("C:\Users\naxo_\AppData\Local\Programs\MiKTeX 2.9\tex/generic/oberdiek\gettitl
estring.sty"
Package: gettitlestring 2016/05/16 v1.5 Cleanup title references (HO)
)
\c@section@level=\count345
)
LaTeX Info: Redefining \ref on input line 76.
LaTeX Info: Redefining \pageref on input line 76.
LaTeX Info: Redefining \nameref on input line 76.
 (solucion.out) (solucion.out)
\@outlinefile=\write4
\openout4 = `solucion.out'.


ABD: EveryShipout initializing macros

Package pgfplots Warning: running in backwards compatibility mode (unsuitable t
ick labels; missing features). Consider writing \pgfplotsset{compat=1.16} into 
your preamble.
 on input line 76.

<../../../../img/logo.pdf, id=6, 240.9pt x 321.2pt>
File: ../../../../img/logo.pdf Graphic file (type pdf)
<use ../../../../img/logo.pdf>
Package pdftex.def Info: ../../../../img/logo.pdf  used on input line 80.
(pdftex.def)             Requested size: 56.9055pt x 75.8741pt.
LaTeX Font Info:    Try loading font information for U+msa on input line 82.
("C:\Users\naxo_\AppData\Local\Programs\MiKTeX 2.9\tex/latex/amsfonts\umsa.fd"
File: umsa.fd 2013/01/14 v3.01 AMS symbols A
)
LaTeX Font Info:    Try loading font information for U+msb on input line 82.
("C:\Users\naxo_\AppData\Local\Programs\MiKTeX 2.9\tex/latex/amsfonts\umsb.fd"
File: umsb.fd 2013/01/14 v3.01 AMS symbols B
)
Overfull \hbox (59.51659pt too wide) in paragraph at lines 79--93
[]$[]$ $[]$ 
 []


Underfull \hbox (badness 10000) in paragraph at lines 136--139

 []


Underfull \hbox (badness 10000) in paragraph at lines 143--146

 []

[1

{C:/Users/naxo_/AppData/Local/MiKTeX/2.9/pdftex/config/pdftex.map} <../../../..
/img/logo.pdf>]
Underfull \hbox (badness 10000) in paragraph at lines 157--161

 []


Underfull \hbox (badness 10000) in paragraph at lines 166--170

 []


Package Fancyhdr Warning: \headheight is too small (10.0pt): 
Make it at least 14.49998pt.
We now make it that large for the rest of the document.
This may cause the page layout to be inconsistent, however.

[2]
Underfull \hbox (badness 10000) in paragraph at lines 187--191

 []

[3]
Underfull \hbox (badness 10000) in paragraph at lines 210--215

 []

[4]
Package atveryend Info: Empty hook `BeforeClearDocument' on input line 219.
Package atveryend Info: Empty hook `AfterLastShipout' on input line 219.
 (solucion.aux
LaTeX Info: Redefining \. on input line 24.
LaTeX Info: Redefining \% on input line 24.
)
Package atveryend Info: Executing hook `AtVeryEndDocument' on input line 219.
Package atveryend Info: Executing hook `AtEndAfterFileList' on input line 219.
Package rerunfilecheck Info: File `solucion.out' has not changed.
(rerunfilecheck)             Checksum: D41D8CD98F00B204E9800998ECF8427E;0.
 ) 
Here is how much of TeX's memory you used:
 38573 strings out of 492946
 885209 string characters out of 3126266
 1120434 words of memory out of 3000000
 41917 multiletter control sequences out of 15000+200000
 539320 words of font info for 50 fonts, out of 3000000 for 9000
 1141 hyphenation exceptions out of 8191
 62i,12n,96p,824b,617s stack positions out of 5000i,500n,10000p,200000b,50000s
<C:/Users/naxo_/AppData/Local/Programs/MiKTeX 2.9/fonts/type1/public/amsfonts
/cm/cmbx12.pfb><C:/Users/naxo_/AppData/Local/Programs/MiKTeX 2.9/fonts/type1/pu
blic/amsfonts/cm/cmcsc10.pfb><C:/Users/naxo_/AppData/Local/Programs/MiKTeX 2.9/
fonts/type1/public/amsfonts/cm/cmex10.pfb><C:/Users/naxo_/AppData/Local/Program
s/MiKTeX 2.9/fonts/type1/public/amsfonts/cm/cmmi12.pfb><C:/Users/naxo_/AppData/
Local/Programs/MiKTeX 2.9/fonts/type1/public/amsfonts/cm/cmmi6.pfb><C:/Users/na
xo_/AppData/Local/Programs/MiKTeX 2.9/fonts/type1/public/amsfonts/cm/cmmi8.pfb>
<C:/Users/naxo_/AppData/Local/Programs/MiKTeX 2.9/fonts/type1/public/amsfonts/c
m/cmr12.pfb><C:/Users/naxo_/AppData/Local/Programs/MiKTeX 2.9/fonts/type1/publi
c/amsfonts/cm/cmr6.pfb><C:/Users/naxo_/AppData/Local/Programs/MiKTeX 2.9/fonts/
type1/public/amsfonts/cm/cmr8.pfb><C:/Users/naxo_/AppData/Local/Programs/MiKTeX
 2.9/fonts/type1/public/amsfonts/cm/cmsy10.pfb><C:/Users/naxo_/AppData/Local/Pr
ograms/MiKTeX 2.9/fonts/type1/public/amsfonts/cm/cmsy8.pfb><C:/Users/naxo_/AppD
ata/Local/Programs/MiKTeX 2.9/fonts/type1/public/amsfonts/cm/cmtt12.pfb><C:/Use
rs/naxo_/AppData/Local/Programs/MiKTeX 2.9/fonts/type1/public/amsfonts/symbols/
msbm10.pfb>
Output written on solucion.pdf (4 pages, 169913 bytes).
PDF statistics:
 95 PDF objects out of 1000 (max. 8388607)
 15 named destinations out of 1000 (max. 500000)
 18 words of extra memory for PDF output out of 10000 (max. 10000000)

